  MyForm.cpp
C:\Users\Andrey Kurganskij\source\repos\1st attempt\1st attempt\MyForm.h(217,21): warning C4244: аргумент: преобразование "_Ty" в "int", возможна потеря данных
          with
          [
              _Ty=double
          ]
C:\Users\Andrey Kurganskij\source\repos\1st attempt\1st attempt\MyForm.h(218,21): warning C4244: аргумент: преобразование "_Ty" в "int", возможна потеря данных
          with
          [
              _Ty=double
          ]
C:\Users\Andrey Kurganskij\source\repos\1st attempt\1st attempt\MyForm.h(219,17): warning C4244: аргумент: преобразование "_Ty" в "int", возможна потеря данных
          with
          [
              _Ty=double
          ]
C:\Users\Andrey Kurganskij\source\repos\1st attempt\1st attempt\MyForm.h(220,17): warning C4244: аргумент: преобразование "_Ty" в "int", возможна потеря данных
          with
          [
              _Ty=double
          ]
C:\Users\Andrey Kurganskij\source\repos\1st attempt\1st attempt\MyForm.h(238,25): warning C4244: аргумент: преобразование "_Ty" в "int", возможна потеря данных
          with
          [
              _Ty=double
          ]
C:\Users\Andrey Kurganskij\source\repos\1st attempt\1st attempt\MyForm.h(239,25): warning C4244: аргумент: преобразование "_Ty" в "int", возможна потеря данных
          with
          [
              _Ty=double
          ]
C:\Users\Andrey Kurganskij\source\repos\1st attempt\1st attempt\MyForm.h(240,21): warning C4244: аргумент: преобразование "_Ty" в "int", возможна потеря данных
          with
          [
              _Ty=double
          ]
C:\Users\Andrey Kurganskij\source\repos\1st attempt\1st attempt\MyForm.h(241,21): warning C4244: аргумент: преобразование "_Ty" в "int", возможна потеря данных
          with
          [
              _Ty=double
          ]
C:\Users\Andrey Kurganskij\source\repos\1st attempt\1st attempt\MyForm.h(256,27): warning C4244: аргумент: преобразование "_Ty" в "int", возможна потеря данных
          with
          [
              _Ty=double
          ]
C:\Users\Andrey Kurganskij\source\repos\1st attempt\1st attempt\MyForm.h(257,27): warning C4244: аргумент: преобразование "_Ty" в "int", возможна потеря данных
          with
          [
              _Ty=double
          ]
C:\Users\Andrey Kurganskij\source\repos\1st attempt\1st attempt\MyForm.h(258,23): warning C4244: аргумент: преобразование "_Ty" в "int", возможна потеря данных
          with
          [
              _Ty=double
          ]
C:\Users\Andrey Kurganskij\source\repos\1st attempt\1st attempt\MyForm.h(259,23): warning C4244: аргумент: преобразование "_Ty" в "int", возможна потеря данных
          with
          [
              _Ty=double
          ]
C:\Users\Andrey Kurganskij\source\repos\1st attempt\1st attempt\MyForm.h(269,42): warning C4244: аргумент: преобразование "_Ty" в "int", возможна потеря данных
          with
          [
              _Ty=double
          ]
C:\Users\Andrey Kurganskij\source\repos\1st attempt\1st attempt\MyForm.h(269,32): warning C4244: аргумент: преобразование "_Ty" в "int", возможна потеря данных
          with
          [
              _Ty=double
          ]
C:\Users\Andrey Kurganskij\source\repos\1st attempt\1st attempt\MyForm.h(309,5): warning C4996: '_sleep': This function or variable has been superceded by newer library or operating system functionality. Consider using Sleep instead. See online help for details.
C:\Users\Andrey Kurganskij\source\repos\1st attempt\1st attempt\MyForm.h(357,5): warning C4996: '_sleep': This function or variable has been superceded by newer library or operating system functionality. Consider using Sleep instead. See online help for details.
C:\Users\Andrey Kurganskij\source\repos\1st attempt\1st attempt\MyForm.cpp(7,34): warning C4829: Возможно, неправильные параметры функции main. Рекомендуемый вариант - "int main(Platform::Array<Platform::String^>^ argv)"
  MyForm.obj : обнаружен модуль MSIL; для MSIL последовательная компоновка отключена; выполняется полная компоновка
  1st attempt.vcxproj -> C:\Users\Andrey Kurganskij\source\repos\1st attempt\x64\Release\1st attempt.exe
